facebookandroidsdk4121aar_FILES/build/outputs/logs/manifest-merger-release-report.txt
-- Merging decision tree log ---
manifest
ADDED from src/main/AndroidManifest.xml:21:1-39:12
	xmlns:android
		ADDED from src/main/AndroidManifest.xml:21:11-69
	package
		ADDED from src/main/AndroidManifest.xml:22:5-27
		INJECTED from src/main/AndroidManifest.xml
		INJECTED from src/main/AndroidManifest.xml
uses-sdk
ADDED from src/main/AndroidManifest.xml:24:5-26:41
	android:targetSdkVersion
		ADDED from src/main/AndroidManifest.xml:26:9-38
		INJECTED from src/main/AndroidManifest.xml
		INJECTED from src/main/AndroidManifest.xml
	android:minSdkVersion
		ADDED from src/main/AndroidManifest.xml:25:9-35
		INJECTED from src/main/AndroidManifest.xml
		INJECTED from src/main/AndroidManifest.xml
application
ADDED from src/main/AndroidManifest.xml:28:5-37:19
activity#com.facebook.FacebookActivity
ADDED from src/main/AndroidManifest.xml:29:9-32:75
	android:configChanges
		ADDED from src/main/AndroidManifest.xml:31:13-96
	android:theme
		ADDED from src/main/AndroidManifest.xml:32:13-72
	android:name
		ADDED from src/main/AndroidManifest.xml:30:13-57
activity#com.facebook.CustomTabActivity
ADDED from src/main/AndroidManifest.xml:33:9-36:20
	android:exported
		ADDED from src/main/AndroidManifest.xml:35:13-36
	android:name
		ADDED from src/main/AndroidManifest.xml:34:13-58